============================= test session starts ==============================
platform darwin -- Python 3.12.13, pytest-9.1.1, pluggy-1.6.0
rootdir: /private/tmp/refractrouter-automatic-dag
configfile: pyproject.toml
testpaths: tests
plugins: langsmith-0.12.1, anyio-4.15.0
collected 649 items

tests/test_agent_application.py ............                             [  1%]
tests/test_application_boundaries.py ..........                          [  3%]
tests/test_automatic_dag.py .........                                    [  4%]
tests/test_benchmark.py .......                                          [  5%]
tests/test_blind_calibration.py ...........                              [  7%]
tests/test_comparison_cohorts.py ..............                          [  9%]
tests/test_contract_replay.py ................                           [ 12%]
tests/test_dag_batch_study.py .....                                      [ 12%]
tests/test_dag_handoff.py ...                                            [ 13%]
tests/test_dag_study.py ........                                         [ 14%]
tests/test_dag_study_report.py .....                                     [ 15%]
tests/test_dataset.py .                                                  [ 15%]
tests/test_deepagents_executor.py .                                      [ 15%]
tests/test_dsh_canonical_runner.py ..                                    [ 16%]
tests/test_dsh_live_failures.py ..                                       [ 16%]
tests/test_dsh_plugin.py ....                                            [ 16%]
tests/test_dsh_real_runner.py ......                                     [ 17%]
tests/test_dsh_runner.py .                                               [ 18%]
tests/test_evidence_state.py ..........                                  [ 19%]
tests/test_execution_modes.py ..............                             [ 21%]
tests/test_finalize_real.py ....................                         [ 24%]
tests/test_graph_executor.py ...                                         [ 25%]
tests/test_http_timeout_diagnostics.py ........                          [ 26%]
tests/test_joint_research.py ...                                         [ 26%]
tests/test_judge.py ..                                                   [ 27%]
tests/test_k3_baseline.py ....................................           [ 32%]
tests/test_k3_reviews.py ....................                            [ 35%]
tests/test_manifest.py ..                                                [ 36%]
tests/test_model_catalog.py ...                                          [ 36%]
tests/test_model_registry.py ..                                          [ 36%]
tests/test_model_selection.py ...................                        [ 39%]
tests/test_node_quality.py ................                              [ 42%]
tests/test_node_recovery.py ......................                       [ 45%]
tests/test_node_selection_policy.py ............                         [ 47%]
tests/test_openai_compatible.py ...........                              [ 49%]
tests/test_oracles.py ..                                                 [ 49%]
tests/test_output_constraints.py ...............................         [ 54%]
tests/test_profile_strata.py .............                               [ 56%]
tests/test_provider_configuration.py ..........................          [ 60%]
tests/test_real_runner.py ......                                         [ 61%]
tests/test_reasoning_routing.py ..............................           [ 65%]
tests/test_recovery_study.py ............................                [ 70%]
tests/test_report_renderer.py .                                          [ 70%]
tests/test_research_analysis.py ...............                          [ 72%]
tests/test_research_calibration.py ......                                [ 73%]
tests/test_research_execution.py ................                        [ 76%]
tests/test_research_live_pilot.py ...                                    [ 76%]
tests/test_research_protocol.py ...............                          [ 78%]
tests/test_responses_api.py ........................                     [ 82%]
tests/test_routing.py ...                                                [ 83%]
tests/test_scoring.py .....                                              [ 83%]
tests/test_source_pack.py ...                                            [ 84%]
tests/test_symmetric_routing.py ...                                      [ 84%]
tests/test_task_concurrency.py ..................                        [ 87%]
tests/test_task_decomposition.py ....................................... [ 93%]
...                                                                      [ 93%]
tests/test_text_handoff_replay.py ........                               [ 95%]
tests/test_text_tasks.py ..........................                      [ 99%]
tests/test_usage_integrity.py .....                                      [100%]

======================= 649 passed in 130.94s (0:02:10) ========================
