============================= test session starts ==============================
platform darwin -- Python 3.12.13, pytest-9.1.1, pluggy-1.6.0
rootdir: /Users/chun-hsianglee/.codex/worktrees/80c0/RefractRouter
configfile: pyproject.toml
testpaths: tests
plugins: langsmith-0.12.1, anyio-4.15.0
collected 1207 items

tests/test_afp_cost_analysis.py ....                                     [  0%]
tests/test_agent_application.py ............                             [  1%]
tests/test_agent_progress.py ....                                        [  1%]
tests/test_agent_server.py ....                                          [  1%]
tests/test_application_boundaries.py ..........                          [  2%]
tests/test_ark_afp_tiers.py ...............                              [  4%]
tests/test_ark_thinking_capabilities.py .........                        [  4%]
tests/test_assignment_reduction.py .....                                 [  5%]
tests/test_automatic_dag.py .........                                    [  5%]
tests/test_automatic_routing.py ...................                      [  7%]
tests/test_benchmark.py .......                                          [  8%]
tests/test_blind_calibration.py ...........                              [  9%]
tests/test_compact_planner_thinking.py ........                          [  9%]
tests/test_comparison_cohorts.py ..............                          [ 10%]
tests/test_contract_replay.py ................                           [ 12%]
tests/test_cost_first_planning.py .............                          [ 13%]
tests/test_dag_batch_study.py .....                                      [ 13%]
tests/test_dag_handoff.py ...                                            [ 13%]
tests/test_dag_study.py ........                                         [ 14%]
tests/test_dag_study_report.py .....                                     [ 14%]
tests/test_dataset.py .                                                  [ 15%]
tests/test_deepagents_executor.py .                                      [ 15%]
tests/test_dsh_canonical_runner.py ..                                    [ 15%]
tests/test_dsh_live_failures.py ..                                       [ 15%]
tests/test_dsh_model_pool.py .............                               [ 16%]
tests/test_dsh_plugin.py .....                                           [ 16%]
tests/test_dsh_real_runner.py ......                                     [ 17%]
tests/test_dsh_runner.py .                                               [ 17%]
tests/test_evidence_state.py ..........                                  [ 18%]
tests/test_execution_modes.py ..............                             [ 19%]
tests/test_fast_dynamic_dag.py ..........................                [ 21%]
tests/test_finalize_real.py ....................                         [ 23%]
tests/test_generated_input_capacity.py .....                             [ 23%]
tests/test_graph_executor.py ...                                         [ 24%]
tests/test_http_timeout_diagnostics.py ..........                        [ 24%]
tests/test_joint_research.py ...                                         [ 25%]
tests/test_judge.py ..                                                   [ 25%]
tests/test_judge_cost_projection.py ......                               [ 25%]
tests/test_judge_replay_export.py ..........                             [ 26%]
tests/test_judge_replay_moa.py ............................              [ 28%]
tests/test_k3_baseline.py ....................................           [ 31%]
tests/test_k3_reviews.py ....................                            [ 33%]
tests/test_live_execution.py ..........                                  [ 34%]
tests/test_manifest.py ..                                                [ 34%]
tests/test_minimal_planning.py ........................                  [ 36%]
tests/test_moa_consensus_aggregation.py ..........                       [ 37%]
tests/test_moa_escalation_runner.py .........                            [ 38%]
tests/test_moa_quality_pipeline.py ................                      [ 39%]
tests/test_moa_review.py ....................                            [ 41%]
tests/test_model_catalog.py ...                                          [ 41%]
tests/test_model_failure_diagnostics.py ...                              [ 41%]
tests/test_model_registry.py ..                                          [ 41%]
tests/test_model_selection.py ...................                        [ 43%]
tests/test_native_tool_runtime.py .........................              [ 45%]
tests/test_node_quality.py ................                              [ 46%]
tests/test_node_recovery.py ......................                       [ 48%]
tests/test_node_selection_policy.py ............                         [ 49%]
tests/test_openai_compatible.py ...........                              [ 50%]
tests/test_oracles.py ..                                                 [ 50%]
tests/test_output_constraints.py ...............................         [ 53%]
tests/test_pareto_development.py ............                            [ 54%]
tests/test_planning_routing.py ........................                  [ 56%]
tests/test_plugin_event_migration.py .                                   [ 56%]
tests/test_prefix_cache.py .......................                       [ 58%]
tests/test_privacy_classifier_validation.py .......                      [ 58%]
tests/test_privacy_placement.py ........................................ [ 62%]
..........                                                               [ 62%]
tests/test_profile_strata.py .............                               [ 63%]
tests/test_provider_configuration.py ................................... [ 66%]
...........                                                              [ 67%]
tests/test_quality_calibration.py ................                       [ 69%]
tests/test_quality_failure_attribution.py ....                           [ 69%]
tests/test_quality_runtime.py ........                                   [ 70%]
tests/test_quality_statistics.py ........                                [ 70%]
tests/test_quality_study.py ......................                       [ 72%]
tests/test_real_runner.py ......                                         [ 73%]
tests/test_reasoning_routing.py ..............................           [ 75%]
tests/test_recovery_study.py ............................                [ 77%]
tests/test_replay_cheap_judge.py .....                                   [ 78%]
tests/test_report_renderer.py .                                          [ 78%]
tests/test_research_analysis.py ...............                          [ 79%]
tests/test_research_calibration.py ......                                [ 80%]
tests/test_research_execution.py ................                        [ 81%]
tests/test_research_live_pilot.py ...                                    [ 81%]
tests/test_research_protocol.py ...............                          [ 82%]
tests/test_responses_api.py ........................                     [ 84%]
tests/test_route_observations.py ........                                [ 85%]
tests/test_routing.py ...                                                [ 85%]
tests/test_scoring.py .....                                              [ 86%]
tests/test_security_benchmark.py .....                                   [ 86%]
tests/test_security_benchmark_bindings.py ..........                     [ 87%]
tests/test_security_benchmark_budget.py ......                           [ 87%]
tests/test_selective_context.py .........................                [ 90%]
tests/test_source_pack.py ...                                            [ 90%]
tests/test_symmetric_routing.py ...                                      [ 90%]
tests/test_task_concurrency.py ..................                        [ 92%]
tests/test_task_decomposition.py ....................................... [ 95%]
...                                                                      [ 95%]
tests/test_task_output_budget.py ...                                     [ 95%]
tests/test_team_service.py ....                                          [ 96%]
tests/test_text_handoff_replay.py ........                               [ 96%]
tests/test_text_tasks.py ..........................                      [ 98%]
tests/test_unlimited_task_time.py ...                                    [ 99%]
tests/test_unrestricted_planning.py .....                                [ 99%]
tests/test_usage_integrity.py .....                                      [100%]

======================= 1207 passed in 338.86s (0:05:38) =======================
